[38;5;112m[Appium][0m Welcome to Appium v2.10.3
[38;5;112m[Appium][0m Non-default server args:
[38;5;112m[Appium][0m { basePath: [32m'/wd/hub'[39m, loglevel: [32m'info'[39m, port: [33m51094[39m }
[38;5;112m[Appium][0m Attempting to load driver uiautomator2...
[38;5;112m[Appium][0m Appium REST http interface listener started on http://0.0.0.0:51094/wd/hub
[38;5;112m[Appium][0m You can provide the following URLs in your client code to connect to this server:
	http://192.168.56.1:51094/wd/hub
	http://192.168.56.2:51094/wd/hub
	http://192.168.10.245:51094/wd/hub
	http://127.0.0.1:51094/wd/hub (only accessible from the same host)
[38;5;112m[Appium][0m Available drivers:
[38;5;112m[Appium][0m   - uiautomator2@2.45.1 (automationName 'UiAutomator2')
[38;5;112m[Appium][0m No plugins have been installed. Use the "appium plugin" command to install the one(s) you want to use.
[38;5;86m[HTTP][0m [37m-->[39m [37mGET[39m [37m/wd/hub/status[39m [90m{}[39m
[38;5;86m[HTTP][0m [37m<-- GET /wd/hub/status [39m[32m200[39m [90m9 ms - 111[39m [90m[39m
[38;5;86m[HTTP][0m [37m-->[39m [37mGET[39m [37m/wd/hub/status[39m [90m{}[39m
[38;5;86m[HTTP][0m [37m<-- GET /wd/hub/status [39m[32m200[39m [90m1 ms - 111[39m [90m[39m
[38;5;86m[HTTP][0m [37m-->[39m [37mPOST[39m [37m/wd/hub/session[39m [90m{"desiredCapabilities":{"appium:systemPort":51115,"appium:newCommandTimeout":1800,"appium:automationName":"uiautomator2","appium:fullReset":false,"appium:platformVersion":"11","appium:noReset":true,"appium:udid":"5XU8H68XKNNZMJCY","appium:autoGrantPermissions":true,"appium:platformName":"ANDROID","appium:deviceName":"vivo vivo 1901 (Android 11)","platformName":"Android","appium:app":"C:\\Users\\1331\\Downloads\\Android-MyDemoAppRN.1.3.0.build-244.apk"},"capabilities":{"firstMatch":[{"appium:app":"C:\\Users\\1331\\Downloads\\Android-MyDemoAppRN.1.3.0.build-244.apk","appium:autoGrantPermissions":true,"appium:automationName":"uiautomator2","appium:deviceName":"vivo vivo 1901 (Android 11)","appium:fullReset":false,"appium:newCommandTimeout":1800,"appium:noReset":true,"appium:platformName":"ANDROID","appium:platformVersion":"11","appium:systemPort":51115,"appium:udid":"5XU8H68XKNNZMJCY","platformName":"android"}]}}[39m
[38;5;123m[BaseDriver][0m Ignoring capability 'appium:platformName=ANDROID' and using capability 'platformName=android'
[38;5;123m[BaseDriver][0m The capabilities ["platformName"] are standard capabilities and do not require "appium:" prefix
[38;5;112m[Appium][0m Attempting to find matching driver for automationName 'uiautomator2' and platformName 'android'
[38;5;112m[Appium][0m The 'uiautomator2' driver was installed and matched caps.
[38;5;112m[Appium][0m Will require it at C:\Users\1331\.appium\node_modules\appium-uiautomator2-driver
[38;5;193m[AppiumDriver@e635][0m Appium v2.10.3 creating new AndroidUiautomator2Driver (v2.45.1) session
[38;5;193m[AppiumDriver@e635][0m Checking BaseDriver versions for Appium and AndroidUiautomator2Driver
[38;5;193m[AppiumDriver@e635][0m Appium's BaseDriver version is 9.10.3
[38;5;193m[AppiumDriver@e635][0m AndroidUiautomator2Driver's BaseDriver version is 9.10.3
[38;5;-73m[AndroidUiautomator2Driver@3fa6][0m Session created with session id: 36b21c1c-8eaa-4821-ac19-a708e07891fd
[38;5;229m[ADB][0m Found 1 'build-tools' folders under 'C:\Users\1331\.katalon\tools\android_sdk' (newest first):
[38;5;229m[ADB][0m     C:\Users\1331\.katalon\tools\android_sdk\build-tools\29.0.3
[38;5;229m[ADB][0m Using 'adb.exe' from 'C:\Users\1331\.katalon\tools\android_sdk\platform-tools\adb.exe'
[38;5;-73m[AndroidUiautomator2Driver@3fa6][0m Retrieving device list
[38;5;-73m[AndroidUiautomator2Driver@3fa6][0m Using device: 5XU8H68XKNNZMJCY
[38;5;229m[ADB][0m Using 'adb.exe' from 'C:\Users\1331\.katalon\tools\android_sdk\platform-tools\adb.exe'
[38;5;123m[BaseDriver][0m Using local app 'C:\Users\1331\Downloads\Android-MyDemoAppRN.1.3.0.build-244.apk'
[38;5;229m[ADB][0m Getting device platform version
[38;5;-73m[AndroidUiautomator2Driver@3fa6][0m Relaxing hidden api policy
[38;5;229m[ADB][0m Package name: 'com.saucelabs.mydemoapp.rn'
[38;5;229m[ADB][0m Main activity name: 'com.saucelabs.mydemoapp.rn.MainActivity'
[38;5;229m[ADB][0m Using 'apksigner.jar' from 'C:\Users\1331\.katalon\tools\android_sdk\build-tools\29.0.3\lib\apksigner.jar'
[38;5;229m[ADB][0m 'C:\Users\1331\.appium\node_modules\appium-uiautomator2-driver\node_modules\appium-uiautomator2-server\apks\appium-uiautomator2-server-debug-androidTest.apk' is signed with the default certificate
[38;5;229m[ADB][0m 'C:\Users\1331\.appium\node_modules\appium-uiautomator2-driver\node_modules\appium-uiautomator2-server\apks\appium-uiautomator2-server-v6.0.9.apk' is signed with the default certificate
[38;5;229m[ADB][0m 'C:\Users\1331\Downloads\Android-MyDemoAppRN.1.3.0.build-244.apk' is signed with a non-default certificate
[38;5;229m[ADB][0m The application at 'C:\Users\1331\Downloads\Android-MyDemoAppRN.1.3.0.build-244.apk' will not be cached, because the device under test has confirmed the support of streamed installs
[38;5;-73m[AndroidUiautomator2Driver@3fa6][0m Server packages are not going to be (re)installed
[38;5;229m[ADB][0m Adding packages ["io.appium.settings","io.appium.uiautomator2.server","io.appium.uiautomator2.server.test"] to Doze whitelist
[38;5;229m[ADB][0m The installation of 'Android-MyDemoAppRN.1.3.0.build-244.apk' took 6664ms
[38;5;-73m[AndroidUiautomator2Driver@3fa6][0m Starting UIAutomator2 server 6.0.9
[38;5;-73m[AndroidUiautomator2Driver@3fa6][0m Using UIAutomator2 server from 'C:\Users\1331\.appium\node_modules\appium-uiautomator2-driver\node_modules\appium-uiautomator2-server\apks\appium-uiautomator2-server-v6.0.9.apk' and test from 'C:\Users\1331\.appium\node_modules\appium-uiautomator2-driver\node_modules\appium-uiautomator2-server\apks\appium-uiautomator2-server-debug-androidTest.apk'
[38;5;-73m[AndroidUiautomator2Driver@3fa6][0m Waiting up to 30000ms for UiAutomator2 to be online...
[38;5;-73m[AndroidUiautomator2Driver@3fa6][0m socket hang up
[38;5;-73m[AndroidUiautomator2Driver@3fa6][0m socket hang up
[38;5;-73m[AndroidUiautomator2Driver@3fa6][0m socket hang up
[38;5;-73m[AndroidUiautomator2Driver@3fa6][0m socket hang up
[38;5;-73m[AndroidUiautomator2Driver@3fa6][0m Determined the downstream protocol as 'W3C'
[38;5;-73m[AndroidUiautomator2Driver@3fa6][0m Screen already unlocked, doing nothing
[38;5;-73m[AndroidUiautomator2Driver@3fa6][0m Starting 'com.saucelabs.mydemoapp.rn/com.saucelabs.mydemoapp.rn.MainActivity and waiting for 'com.saucelabs.mydemoapp.rn/com.saucelabs.mydemoapp.rn.MainActivity'
[38;5;193m[AppiumDriver@e635][0m New AndroidUiautomator2Driver session created successfully, session 36b21c1c-8eaa-4821-ac19-a708e07891fd added to master session list
[38;5;86m[HTTP][0m [37m<-- POST /wd/hub/session [39m[32m200[39m [90m17672 ms - 1235[39m [90m[39m
[38;5;73m[36b21c1c][0m[38;5;86m[HTTP][0m [37m-->[39m [37mGET[39m [37m/wd/hub/session/36b21c1c-8eaa-4821-ac19-a708e07891fd[39m [90m{}[39m
[38;5;73m[36b21c1c][0m[38;5;86m[HTTP][0m [37m<-- GET /wd/hub/session/36b21c1c-8eaa-4821-ac19-a708e07891fd [39m[32m200[39m [90m25 ms - 363[39m [90m[39m
[38;5;73m[36b21c1c][0m[38;5;86m[HTTP][0m [37m-->[39m [37mGET[39m [37m/wd/hub/session/36b21c1c-8eaa-4821-ac19-a708e07891fd[39m [90m{}[39m
[38;5;73m[36b21c1c][0m[38;5;86m[HTTP][0m [37m<-- GET /wd/hub/session/36b21c1c-8eaa-4821-ac19-a708e07891fd [39m[32m200[39m [90m33 ms - 363[39m [90m[39m
[38;5;86m[HTTP][0m [37m-->[39m [37mGET[39m [37m/wd/hub/status[39m [90m{}[39m
[38;5;86m[HTTP][0m [37m<-- GET /wd/hub/status [39m[32m200[39m [90m1 ms - 111[39m [90m[39m
[38;5;73m[36b21c1c][0m[38;5;86m[HTTP][0m [37m-->[39m [37mPOST[39m [37m/wd/hub/session/36b21c1c-8eaa-4821-ac19-a708e07891fd/timeouts[39m [90m{"implicit":60000}[39m
[38;5;73m[36b21c1c][0m[38;5;86m[HTTP][0m [37m<-- POST /wd/hub/session/36b21c1c-8eaa-4821-ac19-a708e07891fd/timeouts [39m[32m200[39m [90m3 ms - 14[39m [90m[39m
[38;5;73m[36b21c1c][0m[38;5;86m[HTTP][0m [37m-->[39m [37mGET[39m [37m/wd/hub/session/36b21c1c-8eaa-4821-ac19-a708e07891fd/source[39m [90m{}[39m
[38;5;73m[36b21c1c][0m[38;5;-73m[AndroidUiautomator2Driver@3fa6][0m Driver proxy active, passing request on via HTTP proxy
[38;5;73m[36b21c1c][0m[38;5;-73m[AndroidUiautomator2Driver@3fa6][0m Replacing sessionId 7fe081e1-3c97-4392-be38-59c977b17acf with 36b21c1c-8eaa-4821-ac19-a708e07891fd
[38;5;73m[36b21c1c][0m[38;5;86m[HTTP][0m [37m<-- GET /wd/hub/session/36b21c1c-8eaa-4821-ac19-a708e07891fd/source [39m[32m200[39m [90m1563 ms - 50966[39m [90m[39m
[38;5;73m[36b21c1c][0m[38;5;86m[HTTP][0m [37m-->[39m [37mGET[39m [37m/wd/hub/session/36b21c1c-8eaa-4821-ac19-a708e07891fd/screenshot[39m [90m{}[39m
[38;5;73m[36b21c1c][0m[38;5;86m[HTTP][0m [37m<-- GET /wd/hub/session/36b21c1c-8eaa-4821-ac19-a708e07891fd/screenshot [39m[32m200[39m [90m1008 ms - 835748[39m [90m[39m
[38;5;73m[36b21c1c][0m[38;5;86m[HTTP][0m [37m-->[39m [37mGET[39m [37m/wd/hub/session/36b21c1c-8eaa-4821-ac19-a708e07891fd/source[39m [90m{}[39m
[38;5;73m[36b21c1c][0m[38;5;-73m[AndroidUiautomator2Driver@3fa6][0m Driver proxy active, passing request on via HTTP proxy
[38;5;73m[36b21c1c][0m[38;5;-73m[AndroidUiautomator2Driver@3fa6][0m Replacing sessionId 7fe081e1-3c97-4392-be38-59c977b17acf with 36b21c1c-8eaa-4821-ac19-a708e07891fd
[38;5;73m[36b21c1c][0m[38;5;86m[HTTP][0m [37m<-- GET /wd/hub/session/36b21c1c-8eaa-4821-ac19-a708e07891fd/source [39m[32m200[39m [90m231 ms - 26906[39m [90m[39m
[38;5;73m[36b21c1c][0m[38;5;86m[HTTP][0m [37m-->[39m [37mGET[39m [37m/wd/hub/session/36b21c1c-8eaa-4821-ac19-a708e07891fd/screenshot[39m [90m{}[39m
[38;5;73m[36b21c1c][0m[38;5;86m[HTTP][0m [37m<-- GET /wd/hub/session/36b21c1c-8eaa-4821-ac19-a708e07891fd/screenshot [39m[32m200[39m [90m556 ms - 101360[39m [90m[39m
[38;5;73m[36b21c1c][0m[38;5;86m[HTTP][0m [37m-->[39m [37mDELETE[39m [37m/wd/hub/session/36b21c1c-8eaa-4821-ac19-a708e07891fd[39m [90m{}[39m
[38;5;73m[36b21c1c][0m[38;5;193m[AppiumDriver@e635][0m Removing session 36b21c1c-8eaa-4821-ac19-a708e07891fd from our master session list
[38;5;73m[36b21c1c][0m[38;5;-73m[AndroidUiautomator2Driver@3fa6][0m Restoring hidden api policy to the device default configuration
[38;5;73m[36b21c1c][0m[38;5;86m[HTTP][0m [37m<-- DELETE /wd/hub/session/36b21c1c-8eaa-4821-ac19-a708e07891fd [39m[32m200[39m [90m501 ms - 14[39m [90m[39m
